Using pre-set license
Built from '2021.1/staging' branch; Version is '2021.1.0b4 (6d90c0720bd4) revision 7180480'; Using compiler version '192528614'; Build Type 'Release'
OS: 'Windows 10 Home; OS build 19042.928; Version 2009; 64bit' Language: 'fr' Physical Memory: 7974 MB
BatchMode: 1, IsHumanControllingUs: 0, StartBugReporterOnCrash: 0, Is64bit: 1, IsPro: 0

 COMMAND LINE ARGUMENTS:
C:\Program Files\Unity\Hub\Editor\2021.1.0b4\Editor\Unity.exe
-adb2
-batchMode
-noUpm
-name
AssetImportWorker1
-projectPath
C:/Users/fabie/Premier pas
-logFile
Logs/AssetImportWorker1.log
-srvPort
58454
Successfully changed project path to: C:/Users/fabie/Premier pas
C:/Users/fabie/Premier pas
Using Asset Import Pipeline V2.
Refreshing native plugins compatible for Editor in 276.97 ms, found 0 plugins.
Preloading 0 native plugins for Editor in 0.00 ms.
Initialize engine version: 2021.1.0b4 (6d90c0720bd4)
[Subsystems] Discovering subsystems at path C:/Program Files/Unity/Hub/Editor/2021.1.0b4/Editor/Data/Resources/UnitySubsystems
[Subsystems] Discovering subsystems at path C:/Users/fabie/Premier pas/Assets
GfxDevice: creating device client; threaded=0; jobified=0
Direct3D:
    Version:  Direct3D 11.0 [level 11.1]
    Renderer: Intel(R) UHD Graphics 620 (ID=0x3ea0)
    Vendor:   Intel
    VRAM:     3987 MB
    Driver:   27.20.100.8681
Initialize mono
Mono path[0] = 'C:/Program Files/Unity/Hub/Editor/2021.1.0b4/Editor/Data/Managed'
Mono path[1] = 'C:/Program Files/Unity/Hub/Editor/2021.1.0b4/Editor/Data/MonoBleedingEdge/lib/mono/unityjit'
Mono config path = 'C:/Program Files/Unity/Hub/Editor/2021.1.0b4/Editor/Data/MonoBleedingEdge/etc'
Using monoOptions --debugger-agent=transport=dt_socket,embedding=1,server=y,suspend=n,address=127.0.0.1:56628
Begin MonoManager ReloadAssembly
Registering precompiled unity dll's ...
Registered in 0.009373 seconds.
Refreshing native plugins compatible for Editor in 142.47 ms, found 0 plugins.
Preloading 0 native plugins for Editor in 0.00 ms.
Mono: successfully reloaded assembly
- Completed reload, in 11.868 seconds
Platform modules already initialized, skipping
Registering precompiled user dll's ...
Registered in 0.003977 seconds.
Begin MonoManager ReloadAssembly
Refreshing native plugins compatible for Editor in 0.55 ms, found 0 plugins.
Preloading 0 native plugins for Editor in 0.00 ms.
Mono: successfully reloaded assembly
- Completed reload, in  3.445 seconds
Platform modules already initialized, skipping
========================================================================
Worker process is ready to serve import requests
Launched and connected shader compiler UnityShaderCompiler.exe after 0.17 seconds
Refreshing native plugins compatible for Editor in 0.57 ms, found 0 plugins.
Preloading 0 native plugins for Editor in 0.00 ms.
Unloading 1513 Unused Serialized files (Serialized files now loaded: 0)
System memory in use before: 206.2 MB.
System memory in use after: 206.2 MB.

Unloading 68 unused Assets to reduce memory usage. Loaded Objects now: 1968.
Total: 6.206600 ms (FindLiveObjects: 0.268000 ms CreateObjectMapping: 0.130900 ms MarkObjects: 5.170300 ms  DeleteObjects: 0.634900 ms)

========================================================================
Received Import Request.
  path: Assets/Materials/motif2.psd
  artifactKey: Guid(d18d13c61a204274c8196841c3b8d3af) Importer(815301076,1909f56bfc062723c751e8b465ee728b)
Start importing Assets/Materials/motif2.psd using Guid(d18d13c61a204274c8196841c3b8d3af) Importer(815301076,1909f56bfc062723c751e8b465ee728b)  -> (artifact id: '34d63392883e88a6f62178e39b86c35d') in 0.206394 seconds 
========================================================================
Received Import Request.
  Time since last request: 0.043168 seconds.
  path: Assets/Materials/motif.psd
  artifactKey: Guid(50999e6f38b71d84ebd7947ca4bd1969) Importer(815301076,1909f56bfc062723c751e8b465ee728b)
Start importing Assets/Materials/motif.psd using Guid(50999e6f38b71d84ebd7947ca4bd1969) Importer(815301076,1909f56bfc062723c751e8b465ee728b)  -> (artifact id: '3845e9f753a0db7cd0b65610f8ee9c5c') in 0.206186 seconds 
========================================================================
Received Import Request.
  Time since last request: 0.050316 seconds.
  path: Assets/Materials
  artifactKey: Guid(7c544903c2edebd428738c6dae87ae80) Importer(815301076,1909f56bfc062723c751e8b465ee728b)
Start importing Assets/Materials using Guid(7c544903c2edebd428738c6dae87ae80) Importer(815301076,1909f56bfc062723c751e8b465ee728b)  -> (artifact id: '8bd2851e7e9064c3f3b6b9df4e6eb692') in 0.008945 seconds 
========================================================================
Received Import Request.
  Time since last request: 389.982979 seconds.
  path: Assets/Materials/arbre.jpg
  artifactKey: Guid(6dd1bc37adcf302479e3cb4a31ffaf44) Importer(815301076,1909f56bfc062723c751e8b465ee728b)
Start importing Assets/Materials/arbre.jpg using Guid(6dd1bc37adcf302479e3cb4a31ffaf44) Importer(815301076,1909f56bfc062723c751e8b465ee728b)  -> (artifact id: '7b9d35ff578a58880157e83fa16b8fb1') in 0.159077 seconds 
========================================================================
Received Import Request.
  Time since last request: 57.210626 seconds.
  path: Assets/Materials/motif3.psd
  artifactKey: Guid(9949fe414c8126f42b1296c1f75526ec) Importer(815301076,1909f56bfc062723c751e8b465ee728b)
Start importing Assets/Materials/motif3.psd using Guid(9949fe414c8126f42b1296c1f75526ec) Importer(815301076,1909f56bfc062723c751e8b465ee728b)  -> (artifact id: 'b714e5bc558a1885c47868e194709d7c') in 0.025185 seconds 
========================================================================
Received Import Request.
  Time since last request: 174.361713 seconds.
  path: Assets/Materials/motif4.psd
  artifactKey: Guid(1e4857cb0e1e61e4c9845b2f81318745) Importer(815301076,1909f56bfc062723c751e8b465ee728b)
Start importing Assets/Materials/motif4.psd using Guid(1e4857cb0e1e61e4c9845b2f81318745) Importer(815301076,1909f56bfc062723c751e8b465ee728b)  -> (artifact id: 'd519ad42fdf9b7976fc3fd6ca6a694ff') in 0.027264 seconds 
========================================================================
Received Import Request.
  Time since last request: 0.743267 seconds.
  path: Assets/Materials/tronc.jpg
  artifactKey: Guid(3614f83d132d18749adb78263ca03c12) Importer(815301076,1909f56bfc062723c751e8b465ee728b)
Start importing Assets/Materials/tronc.jpg using Guid(3614f83d132d18749adb78263ca03c12) Importer(815301076,1909f56bfc062723c751e8b465ee728b)  -> (artifact id: '4c79b95ee24f28059159f17202a48252') in 0.017043 seconds 
========================================================================
Received Prepare
Registering precompiled user dll's ...
Registered in 0.005925 seconds.
Begin MonoManager ReloadAssembly
Refreshing native plugins compatible for Editor in 1.11 ms, found 0 plugins.
Preloading 0 native plugins for Editor in 0.00 ms.
Mono: successfully reloaded assembly
- Completed reload, in 16.027 seconds
Platform modules already initialized, skipping
Refreshing native plugins compatible for Editor in 0.96 ms, found 0 plugins.
Preloading 0 native plugins for Editor in 0.00 ms.
Unloading 1495 Unused Serialized files (Serialized files now loaded: 0)
System memory in use before: 211.0 MB.
System memory in use after: 211.1 MB.

Unloading 63 unused Assets to reduce memory usage. Loaded Objects now: 2066.
Total: 11.066900 ms (FindLiveObjects: 0.828900 ms CreateObjectMapping: 0.668300 ms MarkObjects: 8.768700 ms  DeleteObjects: 0.795500 ms)

========================================================================
Received Import Request.
  Time since last request: 1965.739825 seconds.
  path: Assets/Materials/perso.jpg
  artifactKey: Guid(aa07074079d1f6844a5a7435e876dc63) Importer(815301076,1909f56bfc062723c751e8b465ee728b)
Start importing Assets/Materials/perso.jpg using Guid(aa07074079d1f6844a5a7435e876dc63) Importer(815301076,1909f56bfc062723c751e8b465ee728b)  -> (artifact id: 'e7b418e525d987d24fb70b3de3c4960c') in 0.120817 seconds 
========================================================================
Received Import Request.
  Time since last request: 126.291486 seconds.
  path: Assets/Materials/persoo.psd
  artifactKey: Guid(4a5989c7b0b2c7943a1ae4fe1ed6408f) Importer(815301076,1909f56bfc062723c751e8b465ee728b)
Start importing Assets/Materials/persoo.psd using Guid(4a5989c7b0b2c7943a1ae4fe1ed6408f) Importer(815301076,1909f56bfc062723c751e8b465ee728b)  -> (artifact id: '944f5dfe3f861fe2a811fd41fd1e7b79') in 0.027947 seconds 
========================================================================
Received Import Request.
  Time since last request: 16.559305 seconds.
  path: Assets/Materials/motif5.psd
  artifactKey: Guid(54277375d82ccd34386ad177406836fa) Importer(815301076,1909f56bfc062723c751e8b465ee728b)
Start importing Assets/Materials/motif5.psd using Guid(54277375d82ccd34386ad177406836fa) Importer(815301076,1909f56bfc062723c751e8b465ee728b)  -> (artifact id: '12ba596300f6112493fc7eb8af3c0143') in 0.020871 seconds 
========================================================================
Received Prepare
Registering precompiled user dll's ...
Registered in 0.001162 seconds.
Begin MonoManager ReloadAssembly
Refreshing native plugins compatible for Editor in 0.32 ms, found 0 plugins.
Preloading 0 native plugins for Editor in 0.00 ms.
Mono: successfully reloaded assembly
- Completed reload, in  1.206 seconds
Platform modules already initialized, skipping
Refreshing native plugins compatible for Editor in 0.35 ms, found 0 plugins.
Preloading 0 native plugins for Editor in 0.00 ms.
Unloading 1494 Unused Serialized files (Serialized files now loaded: 0)
System memory in use before: 212.2 MB.
System memory in use after: 212.3 MB.

Unloading 63 unused Assets to reduce memory usage. Loaded Objects now: 2114.
Total: 3.372300 ms (FindLiveObjects: 0.215500 ms CreateObjectMapping: 0.082200 ms MarkObjects: 2.766200 ms  DeleteObjects: 0.307200 ms)

========================================================================
Received Prepare
Registering precompiled user dll's ...
Registered in 0.001095 seconds.
Begin MonoManager ReloadAssembly
Refreshing native plugins compatible for Editor in 0.38 ms, found 0 plugins.
Preloading 0 native plugins for Editor in 0.00 ms.
Mono: successfully reloaded assembly
- Completed reload, in  1.575 seconds
Platform modules already initialized, skipping
Refreshing native plugins compatible for Editor in 0.41 ms, found 0 plugins.
Preloading 0 native plugins for Editor in 0.00 ms.
Unloading 1490 Unused Serialized files (Serialized files now loaded: 0)
System memory in use before: 212.1 MB.
System memory in use after: 212.2 MB.

Unloading 63 unused Assets to reduce memory usage. Loaded Objects now: 2116.
Total: 5.614000 ms (FindLiveObjects: 0.350800 ms CreateObjectMapping: 0.173100 ms MarkObjects: 4.749400 ms  DeleteObjects: 0.337900 ms)

AssetImportWorkerClient::OnTransportError - code=2 error=End of file
