Using pre-set license
Built from '2021.1/staging' branch; Version is '2021.1.0b4 (6d90c0720bd4) revision 7180480'; Using compiler version '192528614'; Build Type 'Release'
OS: 'Windows 10 Home; OS build 19042.985; Version 2009; 64bit' Language: 'fr' Physical Memory: 7974 MB
BatchMode: 1, IsHumanControllingUs: 0, StartBugReporterOnCrash: 0, Is64bit: 1, IsPro: 0

 COMMAND LINE ARGUMENTS:
C:\Program Files\Unity\Hub\Editor\2021.1.0b4\Editor\Unity.exe
-adb2
-batchMode
-noUpm
-name
AssetImportWorker0
-projectPath
C:/Users/fabie/Premier pas
-logFile
Logs/AssetImportWorker0.log
-srvPort
62689
Successfully changed project path to: C:/Users/fabie/Premier pas
C:/Users/fabie/Premier pas
Using Asset Import Pipeline V2.
Refreshing native plugins compatible for Editor in 32.96 ms, found 0 plugins.
Preloading 0 native plugins for Editor in 0.00 ms.
Initialize engine version: 2021.1.0b4 (6d90c0720bd4)
[Subsystems] Discovering subsystems at path C:/Program Files/Unity/Hub/Editor/2021.1.0b4/Editor/Data/Resources/UnitySubsystems
[Subsystems] Discovering subsystems at path C:/Users/fabie/Premier pas/Assets
GfxDevice: creating device client; threaded=0; jobified=0
Direct3D:
    Version:  Direct3D 11.0 [level 11.1]
    Renderer: Intel(R) UHD Graphics 620 (ID=0x3ea0)
    Vendor:   Intel
    VRAM:     3987 MB
    Driver:   27.20.100.8681
Initialize mono
Mono path[0] = 'C:/Program Files/Unity/Hub/Editor/2021.1.0b4/Editor/Data/Managed'
Mono path[1] = 'C:/Program Files/Unity/Hub/Editor/2021.1.0b4/Editor/Data/MonoBleedingEdge/lib/mono/unityjit'
Mono config path = 'C:/Program Files/Unity/Hub/Editor/2021.1.0b4/Editor/Data/MonoBleedingEdge/etc'
Using monoOptions --debugger-agent=transport=dt_socket,embedding=1,server=y,suspend=n,address=127.0.0.1:56704
Begin MonoManager ReloadAssembly
Registering precompiled unity dll's ...
Registered in 0.002247 seconds.
Refreshing native plugins compatible for Editor in 39.17 ms, found 0 plugins.
Preloading 0 native plugins for Editor in 0.00 ms.
Mono: successfully reloaded assembly
- Completed reload, in  1.373 seconds
Platform modules already initialized, skipping
Registering precompiled user dll's ...
Registered in 0.001215 seconds.
Begin MonoManager ReloadAssembly
Refreshing native plugins compatible for Editor in 0.35 ms, found 0 plugins.
Preloading 0 native plugins for Editor in 0.00 ms.
Mono: successfully reloaded assembly
- Completed reload, in  1.534 seconds
Platform modules already initialized, skipping
========================================================================
Worker process is ready to serve import requests
Launched and connected shader compiler UnityShaderCompiler.exe after 0.08 seconds
Refreshing native plugins compatible for Editor in 0.44 ms, found 0 plugins.
Preloading 0 native plugins for Editor in 0.00 ms.
Unloading 1516 Unused Serialized files (Serialized files now loaded: 0)
System memory in use before: 206.3 MB.
System memory in use after: 206.4 MB.

Unloading 70 unused Assets to reduce memory usage. Loaded Objects now: 1970.
Total: 3.442700 ms (FindLiveObjects: 0.208700 ms CreateObjectMapping: 0.077200 ms MarkObjects: 2.828200 ms  DeleteObjects: 0.327000 ms)

========================================================================
Received Import Request.
  path: Assets/Readme.asset
  artifactKey: Guid(83c2ed844a8c74b779a4c823d16594b1) Importer(815301076,1909f56bfc062723c751e8b465ee728b)
Start importing Assets/Readme.asset using Guid(83c2ed844a8c74b779a4c823d16594b1) Importer(815301076,1909f56bfc062723c751e8b465ee728b) Unable to parse file Assets/Readme.asset: [Parser Failure at line 24: Expect ':' between key and value within mapping]

 -> (artifact id: 'c98d8a53e4b379afa6f5375184606969') in 0.065421 seconds 
========================================================================
Received Import Request.
  Time since last request: 54.831515 seconds.
  path: Assets/»Readme/Icons
  artifactKey: Guid(d83b3781c02d4834fb9046b3a332c8d3) Importer(815301076,1909f56bfc062723c751e8b465ee728b)
Start importing Assets/»Readme/Icons using Guid(d83b3781c02d4834fb9046b3a332c8d3) Importer(815301076,1909f56bfc062723c751e8b465ee728b)  -> (artifact id: 'fd0fb89d6c328142cfa2d4ea7fc2a885') in 0.005727 seconds 
========================================================================
Received Prepare
Registering precompiled user dll's ...
Registered in 0.001302 seconds.
Begin MonoManager ReloadAssembly
Refreshing native plugins compatible for Editor in 0.73 ms, found 0 plugins.
Preloading 0 native plugins for Editor in 0.00 ms.
Mono: successfully reloaded assembly
- Completed reload, in  3.323 seconds
Platform modules already initialized, skipping
Refreshing native plugins compatible for Editor in 0.77 ms, found 0 plugins.
Preloading 0 native plugins for Editor in 0.00 ms.
Unloading 1490 Unused Serialized files (Serialized files now loaded: 0)
System memory in use before: 204.9 MB.
System memory in use after: 205.0 MB.

Unloading 63 unused Assets to reduce memory usage. Loaded Objects now: 1972.
Total: 7.083400 ms (FindLiveObjects: 0.380100 ms CreateObjectMapping: 0.197000 ms MarkObjects: 5.955800 ms  DeleteObjects: 0.546300 ms)

========================================================================
Received Prepare
Registering precompiled user dll's ...
Registered in 0.004855 seconds.
Begin MonoManager ReloadAssembly
Refreshing native plugins compatible for Editor in 0.69 ms, found 0 plugins.
Preloading 0 native plugins for Editor in 0.00 ms.
Mono: successfully reloaded assembly
- Completed reload, in  3.288 seconds
Platform modules already initialized, skipping
Refreshing native plugins compatible for Editor in 0.53 ms, found 0 plugins.
Preloading 0 native plugins for Editor in 0.00 ms.
Unloading 1493 Unused Serialized files (Serialized files now loaded: 0)
System memory in use before: 205.0 MB.
System memory in use after: 205.1 MB.

Unloading 65 unused Assets to reduce memory usage. Loaded Objects now: 1974.
Total: 6.193300 ms (FindLiveObjects: 0.386000 ms CreateObjectMapping: 0.781500 ms MarkObjects: 4.544100 ms  DeleteObjects: 0.477300 ms)

========================================================================
Received Import Request.
  Time since last request: 6141.024270 seconds.
  path: Assets/»Readme
  artifactKey: Guid(7211ff45c63442d42acaac575dfcc4ef) Importer(815301076,1909f56bfc062723c751e8b465ee728b)
Start importing Assets/»Readme using Guid(7211ff45c63442d42acaac575dfcc4ef) Importer(815301076,1909f56bfc062723c751e8b465ee728b)  -> (artifact id: 'e2f01a9ec8f6aa715a3bce505dbcb38c') in 0.012513 seconds 
========================================================================
Received Import Request.
  Time since last request: 4.101175 seconds.
  path: Assets/»Readme/Scripts
  artifactKey: Guid(ce14ff28d6bcd674993173efff2c3f9b) Importer(815301076,1909f56bfc062723c751e8b465ee728b)
Start importing Assets/»Readme/Scripts using Guid(ce14ff28d6bcd674993173efff2c3f9b) Importer(815301076,1909f56bfc062723c751e8b465ee728b)  -> (artifact id: '119e8e64e8f6ab79a4df6441f885391a') in 0.013071 seconds 
